<?xml version="1.0" encoding="UTF-8"?>
<testsuite xmlns:xsi="http://www.w3.org/2001/XMLSchema-instance" xsi:noNamespaceSchemaLocation="https://maven.apache.org/surefire/maven-surefire-plugin/xsd/surefire-test-report-3.0.xsd" version="3.0" name="CourierCreateTest" time="8.869" tests="4" errors="0" skipped="0" failures="0">
  <properties>
[...]
</properties>
  <testcase name="testRequestWithoutLogin" classname="CourierCreateTest" time="4.642">
    <system-out><![CDATA[Request method:	POST
Request URI:	https://qa-scooter.praktikum-services.ru/api/v1/courier
Proxy:			<none>
Request params:	<none>
Query params:	<none>
Form params:	<none>
Path params:	<none>
Headers:		Accept=*/*
				Content-Type=application/json
Cookies:		<none>
Multiparts:		<none>
Body:
{
    "firstName": "Auto",
    "password": "pass123",
    "login": ""
}
HTTP/1.1 400 Bad Request
Content-Type: application/json; charset=utf-8
Access-Control-Allow-Origin: *
Date: Sun, 15 Jun 2025 07:49:03 GMT
X-Request-Id: 1749973743984819-12851886344207353997
ETag: W/"72-AUDx41VLe1HSztSRMybiiyHwcKY"
X-Powered-By: Express
Set-Cookie: _yasc=3eTFlLGNAT1wrMwGS6ftEK7LejmtfHx3z0K6VLaceV2vhN4bmCg8D48Uyrq4GxnP; domain=.praktikum-services.ru; path=/; expires=Wed, 13 Jun 2035 07:49:03 GMT; secure
Content-Length: 114

{
    "code": 400,
    "message": "Недостаточно данных для создания учетной записи"
}
Request method:	POST
Request URI:	https://qa-scooter.praktikum-services.ru/api/v1/courier/login
Proxy:			<none>
Request params:	<none>
Query params:	<none>
Form params:	<none>
Path params:	<none>
Headers:		Accept=*/*
				Content-Type=application/json
Cookies:		<none>
Multiparts:		<none>
Body:
{
    "password": "pass123",
    "login": "autoTest_1749973742856"
}
HTTP/1.1 404 Not Found
Set-Cookie: _yasc=0D0a1N7mQ+3rXPd85lYfkXeuEU+gss1xtuRI5U+D6EZ2if+2SYCFhQWzXwzu5n1J5Q==; domain=.praktikum-services.ru; path=/; expires=Wed, 13 Jun 2035 07:49:05 GMT; secure
Content-Length: 72
X-Request-Id: 1749973745298421-817107312526841025
ETag: W/"48-SNOWaDub1LGYtleYI6ITphu8xIQ"
Date: Sun, 15 Jun 2025 07:49:05 GMT
Access-Control-Allow-Origin: *
X-Powered-By: Express
Content-Type: application/json; charset=utf-8

{
    "code": 404,
    "message": "Учетная запись не найдена"
}
]]></system-out>
    <system-err><![CDATA[SLF4J: Failed to load class "org.slf4j.impl.StaticLoggerBinder".
SLF4J: Defaulting to no-operation (NOP) logger implementation
SLF4J: See http://www.slf4j.org/codes.html#StaticLoggerBinder for further details.
]]></system-err>
  </testcase>
  <testcase name="testRequestWithoutPassword" classname="CourierCreateTest" time="1.0">
    <system-out><![CDATA[Request method:	POST
Request URI:	https://qa-scooter.praktikum-services.ru/api/v1/courier
Proxy:			<none>
Request params:	<none>
Query params:	<none>
Form params:	<none>
Path params:	<none>
Headers:		Accept=*/*
				Content-Type=application/json
Cookies:		<none>
Multiparts:		<none>
Body:
{
    "firstName": "Auto",
    "password": "",
    "login": "autoTest_1749973747487"
}
HTTP/1.1 400 Bad Request
X-Request-Id: 1749973746073991-12513277674294887884
Date: Sun, 15 Jun 2025 07:49:06 GMT
ETag: W/"72-AUDx41VLe1HSztSRMybiiyHwcKY"
Access-Control-Allow-Origin: *
Set-Cookie: _yasc=ov1nSjkN45cYjeBEm85NqVUSyoVba/QMe1j8eOs/RTWHWkVCJ3SfYTsDn/KaygMCag==; domain=.praktikum-services.ru; path=/; expires=Wed, 13 Jun 2035 07:49:06 GMT; secure
Content-Length: 114
X-Powered-By: Express
Content-Type: application/json; charset=utf-8

{
    "code": 400,
    "message": "Недостаточно данных для создания учетной записи"
}
Request method:	POST
Request URI:	https://qa-scooter.praktikum-services.ru/api/v1/courier/login
Proxy:			<none>
Request params:	<none>
Query params:	<none>
Form params:	<none>
Path params:	<none>
Headers:		Accept=*/*
				Content-Type=application/json
Cookies:		<none>
Multiparts:		<none>
Body:
{
    "password": "pass123",
    "login": "autoTest_1749973747487"
}
HTTP/1.1 404 Not Found
Access-Control-Allow-Origin: *
X-Request-Id: 1749973746484639-15629834196573987140
Content-Type: application/json; charset=utf-8
X-Powered-By: Express
Date: Sun, 15 Jun 2025 07:49:06 GMT
ETag: W/"48-SNOWaDub1LGYtleYI6ITphu8xIQ"
Content-Length: 72
Set-Cookie: _yasc=RuLQM0tV/7+7PUC4uA0+TzPr50+6mNa3Q6YK1exrhjBMwgeus5XSV3znelp2csw3; domain=.praktikum-services.ru; path=/; expires=Wed, 13 Jun 2035 07:49:06 GMT; secure

{
    "code": 404,
    "message": "Учетная запись не найдена"
}
]]></system-out>
  </testcase>
  <testcase name="testCreateCourier" classname="CourierCreateTest" time="1.447">
    <system-out><![CDATA[Request method:	POST
Request URI:	https://qa-scooter.praktikum-services.ru/api/v1/courier
Proxy:			<none>
Request params:	<none>
Query params:	<none>
Form params:	<none>
Path params:	<none>
Headers:		Accept=*/*
				Content-Type=application/json
Cookies:		<none>
Multiparts:		<none>
Body:
{
    "firstName": "Auto",
    "password": "pass123",
    "login": "autoTest_1749973748495"
}
HTTP/1.1 201 Created
Content-Type: application/json; charset=utf-8
Date: Sun, 15 Jun 2025 07:49:06 GMT
X-Powered-By: Express
Access-Control-Allow-Origin: *
ETag: W/"b-Ai2R8hgEarLmHKwesT1qcY913ys"
X-Request-Id: 1749973746903380-15473508879858879800
Content-Length: 11
Set-Cookie: _yasc=27mofUhmIOooye7yV4FKyGyiDMNNRYwmeRoEQW/vVBA5MfGZxlu9QP3L87gSiVIZ0w==; domain=.praktikum-services.ru; path=/; expires=Wed, 13 Jun 2035 07:49:06 GMT; secure

{
    "ok": true
}
Request method:	POST
Request URI:	https://qa-scooter.praktikum-services.ru/api/v1/courier/login
Proxy:			<none>
Request params:	<none>
Query params:	<none>
Form params:	<none>
Path params:	<none>
Headers:		Accept=*/*
				Content-Type=application/json
Cookies:		<none>
Multiparts:		<none>
Body:
{
    "password": "pass123",
    "login": "autoTest_1749973748495"
}
HTTP/1.1 200 OK
Date: Sun, 15 Jun 2025 07:49:07 GMT
X-Request-Id: 1749973747470910-6199017370984892754
Access-Control-Allow-Origin: *
X-Powered-By: Express
Content-Length: 13
Set-Cookie: _yasc=Z/8AkxMPYX7FH/xwsyo/ONBBLJf5LoCgYqFeU0SpQjakyJbCOHaaw1o0rx/uaSzu; domain=.praktikum-services.ru; path=/; expires=Wed, 13 Jun 2035 07:49:07 GMT; secure
ETag: W/"d-4inlL6CE6uPylxBf0Y473YXuzvk"
Content-Type: application/json; charset=utf-8

{
    "id": 544520
}
Request method:	DELETE
Request URI:	https://qa-scooter.praktikum-services.ru/api/v1/courier/544520
Proxy:			<none>
Request params:	<none>
Query params:	<none>
Form params:	<none>
Path params:	<none>
Headers:		Accept=*/*
				Content-Type=application/json
Cookies:		<none>
Multiparts:		<none>
Body:			<none>
HTTP/1.1 200 OK
Content-Length: 11
Set-Cookie: _yasc=VTYsRYfLdRpSap7Y3xtuD7X4tuRKka3U/ng5nEz8/jHxb31+r5AGz4PJwosDk2mM; domain=.praktikum-services.ru; path=/; expires=Wed, 13 Jun 2035 07:49:07 GMT; secure
Date: Sun, 15 Jun 2025 07:49:07 GMT
Access-Control-Allow-Origin: *
X-Request-Id: 1749973747934271-7061018659335906352
ETag: W/"b-Ai2R8hgEarLmHKwesT1qcY913ys"
X-Powered-By: Express
Content-Type: application/json; charset=utf-8

{
    "ok": true
}
]]></system-out>
  </testcase>
  <testcase name="testingQueryWithDuplicateLogin" classname="CourierCreateTest" time="1.659">
    <system-out><![CDATA[Request method:	POST
Request URI:	https://qa-scooter.praktikum-services.ru/api/v1/courier
Proxy:			<none>
Request params:	<none>
Query params:	<none>
Form params:	<none>
Path params:	<none>
Headers:		Accept=*/*
				Content-Type=application/json
Cookies:		<none>
Multiparts:		<none>
Body:
{
    "firstName": "Auto",
    "password": "pass123",
    "login": "autoTest_1749973749948"
}
HTTP/1.1 201 Created
ETag: W/"b-Ai2R8hgEarLmHKwesT1qcY913ys"
Content-Type: application/json; charset=utf-8
Set-Cookie: _yasc=72GvMWAY+nGk1MAaFiVEWG/hsTXUbBZHH3FpRgVMRY3G1AMmNKWObtnWKJx2umDo; domain=.praktikum-services.ru; path=/; expires=Wed, 13 Jun 2035 07:49:08 GMT; secure
Content-Length: 11
Access-Control-Allow-Origin: *
X-Request-Id: 1749973748368282-8453899834980543141
Date: Sun, 15 Jun 2025 07:49:08 GMT
X-Powered-By: Express

{
    "ok": true
}
Request method:	POST
Request URI:	https://qa-scooter.praktikum-services.ru/api/v1/courier
Proxy:			<none>
Request params:	<none>
Query params:	<none>
Form params:	<none>
Path params:	<none>
Headers:		Accept=*/*
				Content-Type=application/json
Cookies:		<none>
Multiparts:		<none>
Body:
{
    "firstName": "Auto",
    "password": "pass123",
    "login": "autoTest_1749973749948"
}
HTTP/1.1 409 Conflict
Set-Cookie: _yasc=OapEZITUdHqJlTEMtoxV1z8nrtFlSQh49P04QXVbg3iUuhkBh+r1O4EDzfON1wyA; domain=.praktikum-services.ru; path=/; expires=Wed, 13 Jun 2035 07:49:08 GMT; secure
Access-Control-Allow-Origin: *
Date: Sun, 15 Jun 2025 07:49:08 GMT
Content-Length: 112
ETag: W/"70-sLG1ZktNk+Ab3iaKUMwxkdL4FJo"
X-Request-Id: 1749973748773498-6776056675475673065
X-Powered-By: Express
Content-Type: application/json; charset=utf-8

{
    "code": 409,
    "message": "Этот логин уже используется. Попробуйте другой."
}
Request method:	POST
Request URI:	https://qa-scooter.praktikum-services.ru/api/v1/courier/login
Proxy:			<none>
Request params:	<none>
Query params:	<none>
Form params:	<none>
Path params:	<none>
Headers:		Accept=*/*
				Content-Type=application/json
Cookies:		<none>
Multiparts:		<none>
Body:
{
    "password": "pass123",
    "login": "autoTest_1749973749948"
}
HTTP/1.1 200 OK
Access-Control-Allow-Origin: *
X-Request-Id: 1749973749148481-17408243955663465871
Date: Sun, 15 Jun 2025 07:49:09 GMT
Content-Length: 13
Content-Type: application/json; charset=utf-8
Set-Cookie: _yasc=ln+T7nZqgiV1RW9e2OVqgLI2ZpdUyvedLUqnnddRW7dFG5ySRXXgyiksl57FkR33; domain=.praktikum-services.ru; path=/; expires=Wed, 13 Jun 2035 07:49:09 GMT; secure
ETag: W/"d-ftFjFoF+5BTUqDW6cyAFF4gAv4M"
X-Powered-By: Express

{
    "id": 544521
}
Request method:	DELETE
Request URI:	https://qa-scooter.praktikum-services.ru/api/v1/courier/544521
Proxy:			<none>
Request params:	<none>
Query params:	<none>
Form params:	<none>
Path params:	<none>
Headers:		Accept=*/*
				Content-Type=application/json
Cookies:		<none>
Multiparts:		<none>
Body:			<none>
HTTP/1.1 200 OK
Content-Type: application/json; charset=utf-8
ETag: W/"b-Ai2R8hgEarLmHKwesT1qcY913ys"
X-Request-Id: 1749973749605949-6155795340565649782
Date: Sun, 15 Jun 2025 07:49:09 GMT
X-Powered-By: Express
Set-Cookie: _yasc=jczxOduP4ZWkcKu+DsKDabNJ4vsVVMXyD8fV0iaSafy5Le6XX0eDDHgOHn6w2Af4yA==; domain=.praktikum-services.ru; path=/; expires=Wed, 13 Jun 2035 07:49:09 GMT; secure
Access-Control-Allow-Origin: *
Content-Length: 11

{
    "ok": true
}
]]></system-out>
  </testcase>
</testsuite>