<?xml version="1.0" encoding="UTF-8"?>
<testsuite xmlns:xsi="http://www.w3.org/2001/XMLSchema-instance" xsi:noNamespaceSchemaLocation="https://maven.apache.org/surefire/maven-surefire-plugin/xsd/surefire-test-report-3.0.xsd" version="3.0" name="CourierCreateTest" time="8.627" tests="4" errors="0" skipped="0" failures="0">
  <properties>
[...]
</properties>
  <testcase name="testRequestWithoutLogin" classname="CourierCreateTest" time="4.462">
    <system-out><![CDATA[Request method:	POST
Request URI:	https://qa-scooter.praktikum-services.ru/api/v1/courier
Proxy:			<none>
Request params:	<none>
Query params:	<none>
Form params:	<none>
Path params:	<none>
Headers:		Accept=*/*
				Content-Type=application/json
Cookies:		<none>
Multiparts:		<none>
Body:
{
    "firstName": "Auto",
    "password": "pass123",
    "login": ""
}
HTTP/1.1 400 Bad Request
X-Powered-By: Express
Date: Sun, 15 Jun 2025 11:21:10 GMT
Content-Length: 114
Content-Type: application/json; charset=utf-8
X-Request-Id: 1749986470128063-11808372139456343747
Set-Cookie: _yasc=sC5EE/Z+tPcddShD1bKaBG6+m8NWc4WYVtR+JkIbhfFNxN3t9vAjABtyXZDR3tXXVw==; domain=.praktikum-services.ru; path=/; expires=Wed, 13 Jun 2035 11:21:10 GMT; secure
ETag: W/"72-AUDx41VLe1HSztSRMybiiyHwcKY"
Access-Control-Allow-Origin: *

{
    "code": 400,
    "message": "Недостаточно данных для создания учетной записи"
}
Request method:	POST
Request URI:	https://qa-scooter.praktikum-services.ru/api/v1/courier/login
Proxy:			<none>
Request params:	<none>
Query params:	<none>
Form params:	<none>
Path params:	<none>
Headers:		Accept=*/*
				Content-Type=application/json
Cookies:		<none>
Multiparts:		<none>
Body:
{
    "password": "pass123",
    "login": "autoTest_1749986467274"
}
HTTP/1.1 404 Not Found
X-Powered-By: Express
Access-Control-Allow-Origin: *
ETag: W/"48-SNOWaDub1LGYtleYI6ITphu8xIQ"
Set-Cookie: _yasc=IbCxPbaydFLliOwOdAt5K0oTnL3YaQCzBaTcighSBjtnBrr4SkWXJXoK9sHrGI68mQ==; domain=.praktikum-services.ru; path=/; expires=Wed, 13 Jun 2035 11:21:11 GMT; secure
Content-Length: 72
Content-Type: application/json; charset=utf-8
Date: Sun, 15 Jun 2025 11:21:11 GMT
X-Request-Id: 1749986471403705-10218668539901224317

{
    "code": 404,
    "message": "Учетная запись не найдена"
}
]]></system-out>
    <system-err><![CDATA[SLF4J: Failed to load class "org.slf4j.impl.StaticLoggerBinder".
SLF4J: Defaulting to no-operation (NOP) logger implementation
SLF4J: See http://www.slf4j.org/codes.html#StaticLoggerBinder for further details.
]]></system-err>
  </testcase>
  <testcase name="testRequestWithoutPassword" classname="CourierCreateTest" time="0.842">
    <system-out><![CDATA[Request method:	POST
Request URI:	https://qa-scooter.praktikum-services.ru/api/v1/courier
Proxy:			<none>
Request params:	<none>
Query params:	<none>
Form params:	<none>
Path params:	<none>
Headers:		Accept=*/*
				Content-Type=application/json
Cookies:		<none>
Multiparts:		<none>
Body:
{
    "firstName": "Auto",
    "password": "",
    "login": "autoTest_1749986471727"
}
HTTP/1.1 400 Bad Request
Access-Control-Allow-Origin: *
Date: Sun, 15 Jun 2025 11:21:12 GMT
Set-Cookie: _yasc=e7PCYjtZjC6JXuLogufoED4yEIppYK/hraEP8JnzRLFqe2f6gW+9Z7IXvtntuhHjeg==; domain=.praktikum-services.ru; path=/; expires=Wed, 13 Jun 2035 11:21:11 GMT; secure
Content-Length: 114
Content-Type: application/json; charset=utf-8
ETag: W/"72-AUDx41VLe1HSztSRMybiiyHwcKY"
X-Powered-By: Express
X-Request-Id: 1749986471997333-15027589045733712351

{
    "code": 400,
    "message": "Недостаточно данных для создания учетной записи"
}
Request method:	POST
Request URI:	https://qa-scooter.praktikum-services.ru/api/v1/courier/login
Proxy:			<none>
Request params:	<none>
Query params:	<none>
Form params:	<none>
Path params:	<none>
Headers:		Accept=*/*
				Content-Type=application/json
Cookies:		<none>
Multiparts:		<none>
Body:
{
    "password": "pass123",
    "login": "autoTest_1749986471727"
}
HTTP/1.1 404 Not Found
Access-Control-Allow-Origin: *
ETag: W/"48-SNOWaDub1LGYtleYI6ITphu8xIQ"
Content-Length: 72
Set-Cookie: _yasc=lMhk7+lrz70B4sZU41nph0v8KhoO4c7P1YQtt0w/DGGr+8JOX6bxUqpQ5fzjNpKUjg==; domain=.praktikum-services.ru; path=/; expires=Wed, 13 Jun 2035 11:21:12 GMT; secure
Content-Type: application/json; charset=utf-8
X-Powered-By: Express
Date: Sun, 15 Jun 2025 11:21:12 GMT
X-Request-Id: 1749986472423299-18221035019094878260

{
    "code": 404,
    "message": "Учетная запись не найдена"
}
]]></system-out>
  </testcase>
  <testcase name="testCreateCourier" classname="CourierCreateTest" time="1.285">
    <system-out><![CDATA[Request method:	POST
Request URI:	https://qa-scooter.praktikum-services.ru/api/v1/courier
Proxy:			<none>
Request params:	<none>
Query params:	<none>
Form params:	<none>
Path params:	<none>
Headers:		Accept=*/*
				Content-Type=application/json
Cookies:		<none>
Multiparts:		<none>
Body:
{
    "firstName": "Auto",
    "password": "pass123",
    "login": "autoTest_1749986472571"
}
HTTP/1.1 201 Created
Date: Sun, 15 Jun 2025 11:21:12 GMT
X-Powered-By: Express
Content-Type: application/json; charset=utf-8
Content-Length: 11
X-Request-Id: 1749986472843685-9386961903319419669
Access-Control-Allow-Origin: *
Set-Cookie: _yasc=X8DHavp8fRUD7TKEHr48XPWa3cU12omJ51Asx/wba4SkZYEWa5ivv+kcwS7wv6LTqA==; domain=.praktikum-services.ru; path=/; expires=Wed, 13 Jun 2035 11:21:12 GMT; secure
ETag: W/"b-Ai2R8hgEarLmHKwesT1qcY913ys"

{
    "ok": true
}
Request method:	POST
Request URI:	https://qa-scooter.praktikum-services.ru/api/v1/courier/login
Proxy:			<none>
Request params:	<none>
Query params:	<none>
Form params:	<none>
Path params:	<none>
Headers:		Accept=*/*
				Content-Type=application/json
Cookies:		<none>
Multiparts:		<none>
Body:
{
    "password": "pass123",
    "login": "autoTest_1749986472571"
}
HTTP/1.1 200 OK
Date: Sun, 15 Jun 2025 11:21:13 GMT
X-Request-Id: 1749986473236343-14740233129751414556
Content-Length: 13
Access-Control-Allow-Origin: *
Set-Cookie: _yasc=w3z1+4OSJ50ktc7/PFdZMo6oZwA2yltnoh9xzlx2KPOsXnPB4Zs1E7LZiyp5IWQs6g==; domain=.praktikum-services.ru; path=/; expires=Wed, 13 Jun 2035 11:21:13 GMT; secure
ETag: W/"d-eUwVEhTZtWFNBi7QwcJPjzsHYZo"
X-Powered-By: Express
Content-Type: application/json; charset=utf-8

{
    "id": 544645
}
Request method:	DELETE
Request URI:	https://qa-scooter.praktikum-services.ru/api/v1/courier/544645
Proxy:			<none>
Request params:	<none>
Query params:	<none>
Form params:	<none>
Path params:	<none>
Headers:		Accept=*/*
				Content-Type=application/json
Cookies:		<none>
Multiparts:		<none>
Body:			<none>
HTTP/1.1 200 OK
Access-Control-Allow-Origin: *
X-Request-Id: 1749986473699636-8362945757443001891
Date: Sun, 15 Jun 2025 11:21:13 GMT
ETag: W/"b-Ai2R8hgEarLmHKwesT1qcY913ys"
Set-Cookie: _yasc=DV3zr+dEMCLYuN46uzTfQaAJKRtCDKu6mBsvwoGSWM4usHmAUqioOZOtdCiPNYfSZw==; domain=.praktikum-services.ru; path=/; expires=Wed, 13 Jun 2035 11:21:13 GMT; secure
Content-Length: 11
Content-Type: application/json; charset=utf-8
X-Powered-By: Express

{
    "ok": true
}
]]></system-out>
  </testcase>
  <testcase name="testingQueryWithDuplicateLogin" classname="CourierCreateTest" time="1.93">
    <system-out><![CDATA[Request method:	POST
Request URI:	https://qa-scooter.praktikum-services.ru/api/v1/courier
Proxy:			<none>
Request params:	<none>
Query params:	<none>
Form params:	<none>
Path params:	<none>
Headers:		Accept=*/*
				Content-Type=application/json
Cookies:		<none>
Multiparts:		<none>
Body:
{
    "firstName": "Auto",
    "password": "pass123",
    "login": "autoTest_1749986473858"
}
HTTP/1.1 201 Created
Content-Type: application/json; charset=utf-8
Set-Cookie: _yasc=wWQxq4jouplYCHInjxFdrTGm9ATnnY3lp16KdHlAuCXlCgX+GddEMCmVCIyqHJE=; domain=.praktikum-services.ru; path=/; expires=Wed, 13 Jun 2035 11:21:14 GMT; secure
X-Powered-By: Express
ETag: W/"b-Ai2R8hgEarLmHKwesT1qcY913ys"
Date: Sun, 15 Jun 2025 11:21:14 GMT
Content-Length: 11
X-Request-Id: 1749986474115188-3084810698049696695
Access-Control-Allow-Origin: *

{
    "ok": true
}
Request method:	POST
Request URI:	https://qa-scooter.praktikum-services.ru/api/v1/courier
Proxy:			<none>
Request params:	<none>
Query params:	<none>
Form params:	<none>
Path params:	<none>
Headers:		Accept=*/*
				Content-Type=application/json
Cookies:		<none>
Multiparts:		<none>
Body:
{
    "firstName": "Auto",
    "password": "pass123",
    "login": "autoTest_1749986473858"
}
HTTP/1.1 409 Conflict
Date: Sun, 15 Jun 2025 11:21:14 GMT
X-Request-Id: 1749986474566803-4982523381103911446
Access-Control-Allow-Origin: *
Content-Length: 112
ETag: W/"70-sLG1ZktNk+Ab3iaKUMwxkdL4FJo"
Set-Cookie: _yasc=IU3FJouj0OI9qxTq72xJTX3GrZs+Yh94KgEexH2aXak27GduAG0fdAAacWm9MsJ/; domain=.praktikum-services.ru; path=/; expires=Wed, 13 Jun 2035 11:21:14 GMT; secure
Content-Type: application/json; charset=utf-8
X-Powered-By: Express

{
    "code": 409,
    "message": "Этот логин уже используется. Попробуйте другой."
}
Request method:	POST
Request URI:	https://qa-scooter.praktikum-services.ru/api/v1/courier/login
Proxy:			<none>
Request params:	<none>
Query params:	<none>
Form params:	<none>
Path params:	<none>
Headers:		Accept=*/*
				Content-Type=application/json
Cookies:		<none>
Multiparts:		<none>
Body:
{
    "password": "pass123",
    "login": "autoTest_1749986473858"
}
HTTP/1.1 200 OK
ETag: W/"d-3GlZ3AyrvtiBwa9+TvODptYMw+M"
Set-Cookie: _yasc=GgU6NQHOyvGgl75F7Mr4mQDSyfeSRhTAib1POYEdpLMcpcT47PuddERe7iUbLuGY; domain=.praktikum-services.ru; path=/; expires=Wed, 13 Jun 2035 11:21:14 GMT; secure
X-Powered-By: Express
Content-Type: application/json; charset=utf-8
Content-Length: 13
X-Request-Id: 1749986474978828-6451126955833667988
Date: Sun, 15 Jun 2025 11:21:14 GMT
Access-Control-Allow-Origin: *

{
    "id": 544646
}
Request method:	DELETE
Request URI:	https://qa-scooter.praktikum-services.ru/api/v1/courier/544646
Proxy:			<none>
Request params:	<none>
Query params:	<none>
Form params:	<none>
Path params:	<none>
Headers:		Accept=*/*
				Content-Type=application/json
Cookies:		<none>
Multiparts:		<none>
Body:			<none>
HTTP/1.1 200 OK
Content-Length: 11
Set-Cookie: _yasc=AcCfqwldssuUFFRiDOm3E78IrR+l1JiuBL53OE8mbKiVscjUjXpyVZbaEzh3/QEXTA==; domain=.praktikum-services.ru; path=/; expires=Wed, 13 Jun 2035 11:21:15 GMT; secure
X-Request-Id: 1749986475429261-5637897703110925643
Content-Type: application/json; charset=utf-8
Date: Sun, 15 Jun 2025 11:21:15 GMT
ETag: W/"b-Ai2R8hgEarLmHKwesT1qcY913ys"
X-Powered-By: Express
Access-Control-Allow-Origin: *

{
    "ok": true
}
]]></system-out>
  </testcase>
</testsuite>